
> devnagari@0.1.0 dev /home/ubuntu/devnagariOcrAndTranslate/devnagari
> node scripts/start.js

Starting the development server...


> devnagari@0.1.0 dev /home/ubuntu/devnagariOcrAndTranslate/devnagari
> node scripts/start.js

Starting the development server...

Compiled with warnings.

./src/pages/Page1.js
  Line 12:  Expected '===' and instead saw '=='  eqeqeq

Search for the keywords to learn more about each warning.
To ignore, add // eslint-disable-next-line to the line before.

./sc.sh: 3: cd: can't cd to devnagariOcrAndTranslate

> devnagari@0.1.0 dev /home/ubuntu/devnagariOcrAndTranslate/devnagari
> node scripts/start.js

Starting the development server...

Compiled with warnings.

./src/pages/Page1.js
  Line 12:  Expected '===' and instead saw '=='  eqeqeq

Search for the keywords to learn more about each warning.
To ignore, add // eslint-disable-next-line to the line before.

Hangup
./sc.sh: 3: cd: can't cd to devnagariOcrAndTranslate

> devnagari@0.1.0 dev /home/ubuntu/devnagariOcrAndTranslate/devnagari
> node scripts/start.js

Starting the development server...

Compiled with warnings.

./src/pages/Page1.js
  Line 12:  Expected '===' and instead saw '=='  eqeqeq

Search for the keywords to learn more about each warning.
To ignore, add // eslint-disable-next-line to the line before.

Compiling...
Compiled with warnings.

./src/pages/Page1.js
  Line 12:  Expected '===' and instead saw '=='  eqeqeq

Search for the keywords to learn more about each warning.
To ignore, add // eslint-disable-next-line to the line before.

Compiling...
Compiled with warnings.

./src/pages/Page1.js
  Line 12:  Expected '===' and instead saw '=='  eqeqeq

Search for the keywords to learn more about each warning.
To ignore, add // eslint-disable-next-line to the line before.

Killed
npm ERR! code ELIFECYCLE
npm ERR! errno 137
npm ERR! devnagari@0.1.0 dev: `node scripts/start.js`
npm ERR! Exit status 137
npm ERR! 
npm ERR! Failed at the devnagari@0.1.0 dev script.
npm ERR! This is probably not a problem with npm. There is likely additional logging output above.

npm ERR! A complete log of this run can be found in:
npm ERR!     /home/ubuntu/.npm/_logs/2018-09-15T09_42_36_496Z-debug.log
./sc.sh: 3: cd: can't cd to devnagariOcrAndTranslate

> devnagari@0.1.0 dev /home/ubuntu/devnagariOcrAndTranslate/devnagari
> node scripts/start.js

Starting the development server...

Compiled with warnings.

./src/pages/Page1.js
  Line 12:  Expected '===' and instead saw '=='  eqeqeq

Search for the keywords to learn more about each warning.
To ignore, add // eslint-disable-next-line to the line before.

Killed
npm ERR! code ELIFECYCLE
npm ERR! errno 137
npm ERR! devnagari@0.1.0 dev: `node scripts/start.js`
npm ERR! Exit status 137
npm ERR! 
npm ERR! Failed at the devnagari@0.1.0 dev script.
npm ERR! This is probably not a problem with npm. There is likely additional logging output above.

npm ERR! A complete log of this run can be found in:
npm ERR!     /home/ubuntu/.npm/_logs/2018-09-15T09_59_52_480Z-debug.log
./sc.sh: 3: cd: can't cd to devnagariOcrAndTranslate

> devnagari@0.1.0 dev /home/ubuntu/devnagariOcrAndTranslate/devnagari
> node scripts/start.js

Starting the development server...

Compiled with warnings.

./src/pages/Page1.js
  Line 12:  Expected '===' and instead saw '=='  eqeqeq

Search for the keywords to learn more about each warning.
To ignore, add // eslint-disable-next-line to the line before.

Killed
npm ERR! code ELIFECYCLE
npm ERR! errno 137
npm ERR! devnagari@0.1.0 dev: `node scripts/start.js`
npm ERR! Exit status 137
npm ERR! 
npm ERR! Failed at the devnagari@0.1.0 dev script.
npm ERR! This is probably not a problem with npm. There is likely additional logging output above.

npm ERR! A complete log of this run can be found in:
npm ERR!     /home/ubuntu/.npm/_logs/2018-09-15T10_01_02_572Z-debug.log
./sc.sh: 3: cd: can't cd to devnagariOcrAndTranslate

> devnagari@0.1.0 dev /home/ubuntu/devnagariOcrAndTranslate/devnagari
> node scripts/start.js

Starting the development server...

Compiled with warnings.

./src/pages/Page1.js
  Line 12:  Expected '===' and instead saw '=='  eqeqeq

Search for the keywords to learn more about each warning.
To ignore, add // eslint-disable-next-line to the line before.

Killed
npm ERR! code ELIFECYCLE
npm ERR! errno 137
npm ERR! devnagari@0.1.0 dev: `node scripts/start.js`
npm ERR! Exit status 137
npm ERR! 
npm ERR! Failed at the devnagari@0.1.0 dev script.
npm ERR! This is probably not a problem with npm. There is likely additional logging output above.

npm ERR! A complete log of this run can be found in:
npm ERR!     /home/ubuntu/.npm/_logs/2018-09-15T10_02_36_877Z-debug.log
